<?xml version="1.0" encoding="UTF-8"?>
<testsuite xmlns:xsi="http://www.w3.org/2001/XMLSchema-instance" xsi:noNamespaceSchemaLocation="https://maven.apache.org/surefire/maven-surefire-plugin/xsd/surefire-test-report-3.0.xsd" version="3.0" name="projekt.GameOfLifeBoardTest" time="0.244" tests="8" errors="0" skipped="0" failures="0">
  <properties>
    <property name="java.specification.version" value="23"/>
    <property name="sun.jnu.encoding" value="UTF-8"/>
    <property name="java.class.path" value="/home/mxkcpy/refile/eclipse-maven-project/target/test-classes:/home/mxkcpy/refile/eclipse-maven-project/target/classes:/home/mxkcpy/.m2/repository/org/junit/jupiter/junit-jupiter-engine/5.10.3/junit-jupiter-engine-5.10.3.jar:/home/mxkcpy/.m2/repository/org/junit/platform/junit-platform-engine/1.10.3/junit-platform-engine-1.10.3.jar:/home/mxkcpy/.m2/repository/org/opentest4j/opentest4j/1.3.0/opentest4j-1.3.0.jar:/home/mxkcpy/.m2/repository/org/junit/platform/junit-platform-commons/1.10.3/junit-platform-commons-1.10.3.jar:/home/mxkcpy/.m2/repository/org/junit/jupiter/junit-jupiter-api/5.10.3/junit-jupiter-api-5.10.3.jar:/home/mxkcpy/.m2/repository/org/apiguardian/apiguardian-api/1.1.2/apiguardian-api-1.1.2.jar:/home/mxkcpy/.m2/repository/net/sourceforge/pmd/pmd-core/7.5.0/pmd-core-7.5.0.jar:/home/mxkcpy/.m2/repository/org/slf4j/slf4j-api/1.7.36/slf4j-api-1.7.36.jar:/home/mxkcpy/.m2/repository/org/slf4j/jul-to-slf4j/1.7.36/jul-to-slf4j-1.7.36.jar:/home/mxkcpy/.m2/repository/org/antlr/antlr4-runtime/4.9.3/antlr4-runtime-4.9.3.jar:/home/mxkcpy/.m2/repository/net/sf/saxon/Saxon-HE/12.5/Saxon-HE-12.5.jar:/home/mxkcpy/.m2/repository/org/xmlresolver/xmlresolver/5.2.2/xmlresolver-5.2.2.jar:/home/mxkcpy/.m2/repository/org/apache/httpcomponents/client5/httpclient5/5.1.3/httpclient5-5.1.3.jar:/home/mxkcpy/.m2/repository/org/apache/httpcomponents/core5/httpcore5-h2/5.1.3/httpcore5-h2-5.1.3.jar:/home/mxkcpy/.m2/repository/commons-codec/commons-codec/1.15/commons-codec-1.15.jar:/home/mxkcpy/.m2/repository/org/apache/httpcomponents/core5/httpcore5/5.1.3/httpcore5-5.1.3.jar:/home/mxkcpy/.m2/repository/org/xmlresolver/xmlresolver/5.2.2/xmlresolver-5.2.2-data.jar:/home/mxkcpy/.m2/repository/org/apache/commons/commons-lang3/3.14.0/commons-lang3-3.14.0.jar:/home/mxkcpy/.m2/repository/org/ow2/asm/asm/9.7/asm-9.7.jar:/home/mxkcpy/.m2/repository/com/google/code/gson/gson/2.10.1/gson-2.10.1.jar:/home/mxkcpy/.m2/repository/org/checkerframework/checker-qual/2.11.1/checker-qual-2.11.1.jar:/home/mxkcpy/.m2/repository/org/pcollections/pcollections/4.0.2/pcollections-4.0.2.jar:/home/mxkcpy/.m2/repository/com/github/oowekyala/ooxml/nice-xml-messages/3.1/nice-xml-messages-3.1.jar:/home/mxkcpy/.m2/repository/net/sourceforge/pmd/pmd-java/7.5.0/pmd-java-7.5.0.jar:/home/mxkcpy/.m2/repository/net/sourceforge/pmd/pmd-javascript/7.5.0/pmd-javascript-7.5.0.jar:/home/mxkcpy/.m2/repository/org/mozilla/rhino/1.7.15/rhino-1.7.15.jar:/home/mxkcpy/.m2/repository/net/sourceforge/pmd/pmd-jsp/7.5.0/pmd-jsp-7.5.0.jar:"/>
    <property name="java.vm.vendor" value="Eclipse Adoptium"/>
    <property name="sun.arch.data.model" value="64"/>
    <property name="java.vendor.url" value="https://adoptium.net/"/>
    <property name="os.name" value="Linux"/>
    <property name="java.vm.specification.version" value="23"/>
    <property name="sun.java.launcher" value="SUN_STANDARD"/>
    <property name="user.country" value="GB"/>
    <property name="sun.boot.library.path" value="/home/mxkcpy/.p2/pool/plugins/org.eclipse.justj.openjdk.hotspot.jre.full.linux.x86_64_23.0.0.v20240919-1706/jre/lib"/>
    <property name="sun.java.command" value="/home/mxkcpy/refile/eclipse-maven-project/target/surefire/surefirebooter-20241026140626489_3.jar /home/mxkcpy/refile/eclipse-maven-project/target/surefire 2024-10-26T14-06-26_359-jvmRun1 surefire-20241026140626489_1tmp surefire_0-20241026140626489_2tmp"/>
    <property name="jdk.debug" value="release"/>
    <property name="surefire.test.class.path" value="/home/mxkcpy/refile/eclipse-maven-project/target/test-classes:/home/mxkcpy/refile/eclipse-maven-project/target/classes:/home/mxkcpy/.m2/repository/org/junit/jupiter/junit-jupiter-engine/5.10.3/junit-jupiter-engine-5.10.3.jar:/home/mxkcpy/.m2/repository/org/junit/platform/junit-platform-engine/1.10.3/junit-platform-engine-1.10.3.jar:/home/mxkcpy/.m2/repository/org/opentest4j/opentest4j/1.3.0/opentest4j-1.3.0.jar:/home/mxkcpy/.m2/repository/org/junit/platform/junit-platform-commons/1.10.3/junit-platform-commons-1.10.3.jar:/home/mxkcpy/.m2/repository/org/junit/jupiter/junit-jupiter-api/5.10.3/junit-jupiter-api-5.10.3.jar:/home/mxkcpy/.m2/repository/org/apiguardian/apiguardian-api/1.1.2/apiguardian-api-1.1.2.jar:/home/mxkcpy/.m2/repository/net/sourceforge/pmd/pmd-core/7.5.0/pmd-core-7.5.0.jar:/home/mxkcpy/.m2/repository/org/slf4j/slf4j-api/1.7.36/slf4j-api-1.7.36.jar:/home/mxkcpy/.m2/repository/org/slf4j/jul-to-slf4j/1.7.36/jul-to-slf4j-1.7.36.jar:/home/mxkcpy/.m2/repository/org/antlr/antlr4-runtime/4.9.3/antlr4-runtime-4.9.3.jar:/home/mxkcpy/.m2/repository/net/sf/saxon/Saxon-HE/12.5/Saxon-HE-12.5.jar:/home/mxkcpy/.m2/repository/org/xmlresolver/xmlresolver/5.2.2/xmlresolver-5.2.2.jar:/home/mxkcpy/.m2/repository/org/apache/httpcomponents/client5/httpclient5/5.1.3/httpclient5-5.1.3.jar:/home/mxkcpy/.m2/repository/org/apache/httpcomponents/core5/httpcore5-h2/5.1.3/httpcore5-h2-5.1.3.jar:/home/mxkcpy/.m2/repository/commons-codec/commons-codec/1.15/commons-codec-1.15.jar:/home/mxkcpy/.m2/repository/org/apache/httpcomponents/core5/httpcore5/5.1.3/httpcore5-5.1.3.jar:/home/mxkcpy/.m2/repository/org/xmlresolver/xmlresolver/5.2.2/xmlresolver-5.2.2-data.jar:/home/mxkcpy/.m2/repository/org/apache/commons/commons-lang3/3.14.0/commons-lang3-3.14.0.jar:/home/mxkcpy/.m2/repository/org/ow2/asm/asm/9.7/asm-9.7.jar:/home/mxkcpy/.m2/repository/com/google/code/gson/gson/2.10.1/gson-2.10.1.jar:/home/mxkcpy/.m2/repository/org/checkerframework/checker-qual/2.11.1/checker-qual-2.11.1.jar:/home/mxkcpy/.m2/repository/org/pcollections/pcollections/4.0.2/pcollections-4.0.2.jar:/home/mxkcpy/.m2/repository/com/github/oowekyala/ooxml/nice-xml-messages/3.1/nice-xml-messages-3.1.jar:/home/mxkcpy/.m2/repository/net/sourceforge/pmd/pmd-java/7.5.0/pmd-java-7.5.0.jar:/home/mxkcpy/.m2/repository/net/sourceforge/pmd/pmd-javascript/7.5.0/pmd-javascript-7.5.0.jar:/home/mxkcpy/.m2/repository/org/mozilla/rhino/1.7.15/rhino-1.7.15.jar:/home/mxkcpy/.m2/repository/net/sourceforge/pmd/pmd-jsp/7.5.0/pmd-jsp-7.5.0.jar:"/>
    <property name="sun.cpu.endian" value="little"/>
    <property name="user.home" value="/home/mxkcpy"/>
    <property name="user.language" value="en"/>
    <property name="java.specification.vendor" value="Oracle Corporation"/>
    <property name="java.version.date" value="2024-09-17"/>
    <property name="java.home" value="/home/mxkcpy/.p2/pool/plugins/org.eclipse.justj.openjdk.hotspot.jre.full.linux.x86_64_23.0.0.v20240919-1706/jre"/>
    <property name="file.separator" value="/"/>
    <property name="basedir" value="/home/mxkcpy/refile/eclipse-maven-project"/>
    <property name="style.color" value="always"/>
    <property name="java.vm.compressedOopsMode" value="32-bit"/>
    <property name="line.separator" value="&#10;"/>
    <property name="java.specification.name" value="Java Platform API Specification"/>
    <property name="java.vm.specification.vendor" value="Oracle Corporation"/>
    <property name="surefire.real.class.path" value="/home/mxkcpy/refile/eclipse-maven-project/target/surefire/surefirebooter-20241026140626489_3.jar"/>
    <property name="sun.management.compiler" value="HotSpot 64-Bit Tiered Compilers"/>
    <property name="java.runtime.version" value="23+37"/>
    <property name="user.name" value="mxkcpy"/>
    <property name="stdout.encoding" value="UTF-8"/>
    <property name="path.separator" value=":"/>
    <property name="os.version" value="6.1.0-20-amd64"/>
    <property name="java.runtime.name" value="OpenJDK Runtime Environment"/>
    <property name="file.encoding" value="UTF-8"/>
    <property name="java.vm.name" value="OpenJDK 64-Bit Server VM"/>
    <property name="java.vendor.version" value="Temurin-23+37"/>
    <property name="localRepository" value="/home/mxkcpy/.m2/repository"/>
    <property name="java.vendor.url.bug" value="https://github.com/adoptium/adoptium-support/issues"/>
    <property name="java.io.tmpdir" value="/tmp"/>
    <property name="java.version" value="23"/>
    <property name="user.dir" value="/home/mxkcpy/refile/eclipse-maven-project"/>
    <property name="os.arch" value="amd64"/>
    <property name="java.vm.specification.name" value="Java Virtual Machine Specification"/>
    <property name="native.encoding" value="UTF-8"/>
    <property name="java.library.path" value="/usr/java/packages/lib:/usr/lib64:/lib64:/lib:/usr/lib"/>
    <property name="java.vm.info" value="mixed mode, sharing"/>
    <property name="stderr.encoding" value="UTF-8"/>
    <property name="java.vendor" value="Eclipse Adoptium"/>
    <property name="java.vm.version" value="23+37"/>
    <property name="sun.io.unicode.encoding" value="UnicodeLittle"/>
    <property name="java.class.version" value="67.0"/>
  </properties>
  <testcase name="testGetBoard" classname="projekt.GameOfLifeBoardTest" time="0.083"/>
  <testcase name="testCheckIfCellLives" classname="projekt.GameOfLifeBoardTest" time="0.01"/>
  <testcase name="testPrintBoard" classname="projekt.GameOfLifeBoardTest" time="0.007"/>
  <testcase name="testInitWithoutSize" classname="projekt.GameOfLifeBoardTest" time="0.006"/>
  <testcase name="testInitGivenSize" classname="projekt.GameOfLifeBoardTest" time="0.007"/>
  <testcase name="testDoStep" classname="projekt.GameOfLifeBoardTest" time="0.005"/>
  <testcase name="testCheckNeighbours" classname="projekt.GameOfLifeBoardTest" time="0.008"/>
  <testcase name="testSetboard" classname="projekt.GameOfLifeBoardTest" time="0.003"/>
</testsuite>